5 18:36:341 5 0 0 0 0.0 0.0 0.0
5 18:36:543 5 0 0 0 0.0 0.0 0.0
5 18:36:732 5 0 0 0 0.0 0.0 0.0
5 18:36:933 5 0 0 0 0.0 0.0 0.0
5 18:37:136 5 0 0 0 0.0 0.0 0.0
5 18:37:339 5 0 0 0 0.0 0.0 0.0
5 18:37:541 5 0 0 0 0.0 0.0 0.0
5 18:37:743 5 0 0 0 0.0 0.0 0.0
5 18:37:944 5 2 168.696 0 0.0 0.0 0.0
5 18:38:136 5 2 168.696 0 0.0 0.0 0.0
5 18:38:330 6 0 140.728 0 0.0 2.1004179104477614 0.0
5 18:38:530 6 2 166.504 0 0.0 2.1004179104477614 0.0
5 18:38:738 6 4 95.824 0 0.0 2.1004179104477614 0.0
5 18:38:934 7 2 170.48 0 2 4.0409411764705885 0.0
5 18:39:131 8 0 169.96 0 2.16 3.7768888888888887 0.0
5 18:39:330 8 2 209.936 0 2.92 3.7768888888888887 0.0
5 18:39:530 9 0 165.784 0 3.28 3.31568 0.0
5 18:39:729 9 2 190.952 0 3.28 3.31568 0.0
6 18:39:931 10 0 156.32 3 3.4 3.473777777777778 5.747
6 18:40:130 10 0 156.32 3 3.76 3.473777777777778 5.747
6 18:40:330 10 1 852.92 3 3.64 3.473777777777778 5.747
6 18:40:530 10 2 895.984 3 3.52 3.473777777777778 5.747
7 18:40:730 10 2 895.984 3 3.52 3.473777777777778 5.615
7 18:40:931 10 3 1391.768 3 3.24 3.473777777777778 5.615
7 18:41:130 10 4 572.768 3 3.12 3.473777777777778 5.615
7 18:41:330 11 0 717.128 3 3.24 3.414895238095238 5.615
8 18:41:530 11 1 637.072 3 3.12 3.414895238095238 5.441
8 18:41:730 11 2 594.024 3 3.12 3.414895238095238 5.441
8 18:41:933 11 2 594.024 3 3 3.414895238095238 5.441
8 18:42:137 11 3 1496.848 3 2.72 3.414895238095238 5.441
9 18:42:334 11 4 748.576 3 2.6 3.414895238095238 5.268
9 18:42:532 11 4 748.576 3 2.6 3.414895238095238 5.268
9 18:42:743 12 0 826.256 3 2.48 3.3587642276422764 5.268
9 18:42:938 12 1 817.992 3 2.36 3.3587642276422764 5.268
10 18:43:132 12 2 831.664 3 2.28 3.3587642276422764 5.097
10 18:43:332 12 2 831.664 3 2.16 3.3587642276422764 5.097
10 18:43:548 12 3 1452.232 3 2.16 3.3587642276422764 5.097
10 18:43:731 12 3 1452.232 3 2.04 3.3587642276422764 5.097
11 18:43:930 12 4 797.864 3 1.92 3.3587642276422764 4.919
11 18:44:130 13 0 784.904 3 1.8 3.442561403508772 4.919
11 18:44:330 13 1 818.288 3 1.8 3.442561403508772 4.919
11 18:44:531 13 2 791.16 3 1.72 3.442561403508772 4.919
11 18:44:730 13 2 791.16 3 1.6 3.442561403508772 4.919
12 18:44:930 13 2 791.16 3 1.28 3.442561403508772 4.75
12 18:45:131 13 3 1377.52 3 1.2 3.442561403508772 4.75
12 18:45:339 13 4 749.888 3 1.2 3.442561403508772 4.75
12 18:45:539 14 0 788.504 3 1.08 3.443248908296943 4.75
13 18:45:736 14 1 758.576 3 0.96 3.443248908296943 4.572
13 18:45:945 14 2 752 3 0.84 3.443248908296943 4.572
13 18:46:132 14 2 752 3 0.76 3.443248908296943 4.572
13 18:46:340 14 3 1331.008 3 0.76 3.443248908296943 4.572
14 18:46:530 14 3 1331.008 3 0.64 3.443248908296943 4.396
14 18:46:729 14 4 721.84 3 0.52 3.443248908296943 4.396
14 18:46:930 15 3 105.032 0 0.64 3.198190045248869 4.396
14 18:47:130 16 3 60.224 0 1.72 4.798222222222223 4.396
15 18:47:329 17 2 151.64 0 1.72 3.5943783783783783 4.219
15 18:47:530 18 1 292.888 0 2.4 3.8228571428571425 4.219
15 18:47:730 19 1 401.336 0 3.52 4.3275 4.219
15 18:47:930 19 2 130.912 0 3.6 4.3275 4.219
16 18:48:129 19 3 165.816 0 3.6 4.3275 4.038
16 18:48:330 19 4 258.408 0 3.52 4.3275 4.038
16 18:48:535 20 0 214.952 3 3.4 3.6432542372881356 4.038
16 18:48:732 20 0 214.952 3 3.28 3.6432542372881356 4.038
17 18:48:932 20 2 259.856 3 3.4 3.6432542372881356 3.866
17 18:49:130 20 3 581.28 3 3.4 3.6432542372881356 3.866
17 18:49:331 20 4 313.712 3 3.28 3.6432542372881356 3.866
17 18:49:529 21 0 294.96 3 3.4 3.553734939759036 3.866
18 18:49:730 21 0 294.96 3 3.08 3.553734939759036 3.69
18 18:49:930 21 2 171.272 3 3.16 3.553734939759036 3.69
18 18:50:130 21 3 202.736 3 3.16 3.553734939759036 3.69
18 18:50:330 21 4 236.072 3 3.08 3.553734939759036 3.69
19 18:50:530 22 0 230.032 3 3.16 3.5389538461538463 3.514
19 18:50:730 22 0 230.032 3 2.84 3.5389538461538463 3.514
19 18:50:930 22 0 230.032 3 2.52 3.5389538461538463 3.514
19 18:51:130 22 0 230.032 3 2.52 3.5389538461538463 3.514
19 18:51:331 22 1 2463.952 3 2.24 3.5389538461538463 3.514
20 18:51:530 22 1 2463.952 3 2.12 3.5389538461538463 3.341
20 18:51:731 22 4 1360.392 3 1.8 3.5389538461538463 3.341
20 18:51:936 22 4 1360.392 3 2.12 3.5389538461538463 3.341
20 18:52:136 22 4 1360.392 3 2.12 3.5389538461538463 3.341
21 18:52:330 22 4 1360.392 3 1.8 3.5389538461538463 3.164
21 18:52:535 22 4 1360.392 3 1.48 3.5389538461538463 3.164
21 18:52:730 22 4 1360.392 3 1.2 3.5389538461538463 3.164
21 18:52:929 22 4 1360.392 3 1.2 3.5389538461538463 3.164
22 18:53:144 22 4 1360.392 3 0.88 3.5389538461538463 2.99
22 18:53:330 23 0 4662.664 0 0.8 3.1419568733153636 2.99
22 18:53:531 23 1 963.328 0 0.56 3.1419568733153636 2.99
22 18:53:733 23 4 230.872 0 0.88 3.1419568733153636 2.99
22 18:53:930 24 0 265.448 0 0.88 3.492736842105263 2.99
23 18:54:134 24 2 170.056 0 1.04 3.492736842105263 2.987
23 18:54:330 24 4 257.44 0 1.36 3.492736842105263 2.987
23 18:54:530 25 0 255.544 0 1.52 3.814089552238806 2.987
23 18:54:730 25 4 214.496 0 1.52 3.814089552238806 2.987
23 18:54:930 26 0 212.032 0 2.08 3.719859649122807 2.987
24 18:55:130 26 3 171.384 0 2.2 3.719859649122807 2.994
24 18:55:330 26 4 187.624 0 2.56 3.719859649122807 2.994
24 18:55:531 27 0 190.592 0 2.52 3.7370980392156863 2.994
24 18:55:730 27 1 610.28 0 2.52 3.7370980392156863 2.994
24 18:55:930 27 2 88.176 0 2.64 3.7370980392156863 2.994
25 18:56:130 27 3 174.656 0 2.6 3.7370980392156863 2.996
25 18:56:331 27 4 189.688 0 2.56 3.7370980392156863 2.996
25 18:56:530 28 0 219.848 3 2.48 3.382276923076923 2.996
25 18:56:730 28 0 219.848 3 2.48 3.382276923076923 2.996
25 18:56:931 28 0 219.848 3 2.24 3.382276923076923 2.996
26 18:57:130 28 1 1619.504 3 2.2 3.382276923076923 3.001
26 18:57:329 28 3 848.928 3 1.92 3.382276923076923 3.001
26 18:57:530 28 3 848.928 3 2.08 3.382276923076923 3.001
26 18:57:730 28 3 848.928 3 2.08 3.382276923076923 3.001
26 18:57:935 28 4 1930.192 3 1.84 3.382276923076923 3.001
27 18:58:130 28 4 1930.192 3 1.76 3.382276923076923 2.995
27 18:58:330 29 0 981.576 3 1.72 3.40825 2.995
27 18:58:530 29 0 981.576 3 1.72 3.40825 2.995
27 18:58:730 29 0 981.576 3 1.48 3.40825 2.995
27 18:58:931 29 1 1597.544 3 1.4 3.40825 2.995
28 18:59:130 29 2 742.288 3 1.36 3.40825 3.003
28 18:59:332 29 3 885.152 3 1.12 3.40825 3.003
28 18:59:529 29 3 885.152 3 1.12 3.40825 3.003
28 18:59:730 29 4 879.088 3 1.04 3.40825 3.003
28 18:59:930 30 0 971.664 3 1 3.0459686520376175 3.003
29 19:0:130 30 0 971.664 3 0.96 3.0459686520376175 2.996
29 19:0:330 30 0 971.664 3 0.68 3.0459686520376175 2.996
29 19:0:531 30 1 1587.832 3 0.68 3.0459686520376175 2.996
29 19:0:731 30 2 804.056 3 0.64 3.0459686520376175 2.996
29 19:0:930 30 2 804.056 3 0.6 3.0459686520376175 2.996
30 19:1:134 30 3 894.2 3 0.52 3.0459686520376175 2.994
30 19:1:330 30 4 952.376 3 0.52 3.0459686520376175 2.994
30 19:1:531 30 4 952.376 3 0.48 3.0459686520376175 2.994
30 19:1:730 31 0 837.272 0 0.44 3.1714848484848486 2.994
30 19:1:931 31 3 242.912 0 0.36 3.1714848484848486 2.994
31 19:2:131 32 0 226.752 0 0.92 3.0233600000000003 2.995
31 19:2:330 32 3 113.576 0 0.92 3.0233600000000003 2.995
31 19:2:534 33 1 428.648 0 1.28 6.9225 2.995
31 19:2:730 34 0 117.448 0 2 2.4468333333333336 2.995
31 19:2:930 34 2 48.136 0 2.56 2.4468333333333336 2.995
32 19:3:130 34 3 93.736 0 2.52 2.4468333333333336 2.993
32 19:3:330 34 4 112.288 0 2.52 2.4468333333333336 2.993
32 19:3:530 35 0 120.656 0 2.44 3.8921290322580644 2.993
32 19:3:730 35 1 429.032 0 2.4 3.8921290322580644 2.993
32 19:3:930 35 2 53.848 0 2.56 3.8921290322580644 2.993
33 19:4:131 35 3 104.92 0 2.48 3.8921290322580644 2.99
33 19:4:329 35 4 108.248 0 2.48 3.8921290322580644 2.99
33 19:4:531 36 0 129.992 3 2.44 3.939151515151515 2.99
33 19:4:729 36 0 129.992 3 2.4 3.939151515151515 2.99
33 19:4:930 36 1 1126.384 3 2.32 3.939151515151515 2.99
34 19:5:131 36 2 519.44 3 2.32 3.939151515151515 3
34 19:5:330 36 3 602.112 3 2.28 3.939151515151515 3
34 19:5:530 36 4 619.432 3 2.24 3.939151515151515 3
34 19:5:732 37 0 610.512 3 2.16 2.8264444444444443 3
34 19:5:929 37 0 610.512 3 2.12 2.8264444444444443 3
35 19:6:132 37 1 1123.44 3 2.12 2.8264444444444443 2.99
35 19:6:331 37 3 513.152 3 2.08 2.8264444444444443 2.99
35 19:6:530 37 3 513.152 3 2.2 2.8264444444444443 2.99
35 19:6:730 37 4 1214.264 3 2.16 2.8264444444444443 2.99
35 19:6:930 38 0 600.024 3 2.12 3.225935483870968 2.99
36 19:7:130 38 0 600.024 3 2.12 3.225935483870968 2.997
36 19:7:331 38 1 1100.344 3 1.84 3.225935483870968 2.997
36 19:7:530 38 2 510.832 3 2 3.225935483870968 2.997
36 19:7:730 38 4 583.072 3 2.16 3.225935483870968 2.997
36 19:7:940 39 0 1167.992 3 1.92 3.0981220159151195 2.997
37 19:8:131 39 0 1167.992 3 1.92 3.0981220159151195 2.995
37 19:8:331 39 1 1095.064 3 1.84 3.0981220159151195 2.995
37 19:8:530 39 2 513.104 3 1.8 3.0981220159151195 2.995
37 19:8:730 39 3 575.432 3 1.76 3.0981220159151195 2.995
37 19:8:930 39 3 575.432 3 1.68 3.0981220159151195 2.995
38 19:9:131 40 0 1159.048 3 1.68 2.934298734177215 2.995
38 19:9:330 40 0 1159.048 3 1.84 2.934298734177215 2.995
38 19:9:529 40 1 1088.096 3 1.6 2.934298734177215 2.995
38 19:9:730 40 2 506.488 3 1.72 2.934298734177215 2.995
38 19:9:930 40 3 544.872 3 1.68 2.934298734177215 2.995
39 19:10:130 40 4 561.952 3 1.68 2.934298734177215 2.994
39 19:10:330 41 0 633.144 3 1.64 3.1189359605911333 2.994
39 19:10:530 41 0 633.144 3 1.56 3.1189359605911333 2.994
39 19:10:730 41 1 1140.32 3 1.52 3.1189359605911333 2.994
39 19:10:935 41 2 476.224 3 1.52 3.1189359605911333 2.994
40 19:11:130 41 3 580.632 3 1.48 3.1189359605911333 2.984
40 19:11:330 41 4 548.864 3 1.6 3.1189359605911333 2.984
40 19:11:530 42 0 556.224 3 1.56 3.107396648044693 2.984
40 19:11:734 42 0 556.224 3 0 3.107396648044693 2.984
40 19:11:933 42 2 501.024 3 0 3.107396648044693 2.984
40 19:12:132 42 3 553.576 3 0.4 3.107396648044693 2.984
40 19:12:331 42 4 563.848 3 0.6 3.107396648044693 2.984
40 19:12:530 43 0 553.608 3 1 3.5948571428571428 2.984
40 19:12:734 43 0 553.608 3 1 3.5948571428571428 2.984
40 19:12:938 43 1 1095.8 3 1 3.5948571428571428 2.984
40 19:13:132 43 2 456.776 3 1.2 3.5948571428571428 2.984
40 19:13:337 43 3 540.888 3 1.6 3.5948571428571428 2.984
40 19:13:531 43 4 531.616 3 1.8 3.5948571428571428 2.984
40 19:13:740 44 0 514.328 3 1.84 2.9902790697674417 2.984
40 19:13:932 44 0 514.328 3 1.76 2.9902790697674417 2.984
41 19:14:134 44 2 393.56 3 1.72 2.9902790697674417 5.014
41 19:14:334 44 3 468.176 3 1.88 2.9902790697674417 5.014
41 19:14:541 44 4 531.024 3 1.88 2.9902790697674417 5.014
41 19:14:730 45 0 522.824 3 1.8 2.920804469273743 5.014
41 19:14:940 45 0 522.824 3 1.76 2.920804469273743 5.014
42 19:15:140 45 2 333.992 3 1.64 2.920804469273743 4.972
42 19:15:337 45 3 358.92 3 1.76 2.920804469273743 4.972
42 19:15:538 45 4 454.6 3 1.72 2.920804469273743 4.972
42 19:15:731 45 4 454.6 3 1.64 2.920804469273743 4.972
43 19:15:930 46 0 1216.928 3 1.52 2.93943961352657 4.803
43 19:16:138 46 1 678.032 3 1.44 2.93943961352657 4.803
43 19:16:331 46 2 836.288 3 1.16 2.93943961352657 4.803
43 19:16:530 46 2 836.288 3 1.32 2.93943961352657 4.803
44 19:16:730 46 3 835.048 3 1 2.93943961352657 4.621
44 19:16:932 46 4 867.224 3 0.92 2.93943961352657 4.621
44 19:17:129 46 4 867.224 3 0.8 2.93943961352657 4.621
44 19:17:329 46 4 867.224 3 0.56 2.93943961352657 4.621
45 19:17:531 47 1 181.128 0 0.48 3.0218455114822547 4.451
45 19:17:730 47 3 214.352 0 0.8 3.0218455114822547 4.451
45 19:17:930 48 1 137.232 0 0.88 2.8507368421052632 4.451
45 19:18:130 48 4 175.856 0 1.36 2.8507368421052632 4.451
46 19:18:337 49 1 140.952 0 1.52 2.910918918918919 4.274
46 19:18:536 49 4 102.832 0 1.88 2.910918918918919 4.274
46 19:18:731 50 1 102.216 0 1.96 2.3610281124497994 4.274
46 19:18:930 50 2 93.016 0 2.24 2.3610281124497994 4.274
47 19:19:131 50 3 77.696 0 2.12 2.3610281124497994 4.094
47 19:19:330 50 4 85.04 0 2.08 2.3610281124497994 4.094
47 19:19:530 50 4 85.04 0 2.04 2.3610281124497994 4.094
47 19:19:731 51 0 593.312 2 1.92 2.86624154589372 4.094
48 19:19:930 51 2 359.064 2 1.8 2.86624154589372 3.916
48 19:20:130 51 3 324.656 2 1.76 2.86624154589372 3.916
48 19:20:330 51 4 338.296 2 1.92 2.86624154589372 3.916
48 19:20:531 51 4 338.296 2 1.8 2.86624154589372 3.916
48 19:20:730 51 4 338.296 2 1.52 2.86624154589372 3.916
49 19:20:930 52 0 1145.592 2 1.4 2.828622222222222 3.743
49 19:21:130 52 2 461.192 2 1.36 2.828622222222222 3.743
49 19:21:330 52 3 456.088 2 1.48 2.828622222222222 3.743
49 19:21:538 52 4 462.576 2 1.4 2.828622222222222 3.743
50 19:21:736 52 4 462.576 2 1.28 2.828622222222222 3.569
50 19:21:930 53 0 1039.312 2 1.2 2.7863592493297586 3.569
50 19:22:136 53 2 451.68 2 1.12 2.7863592493297586 3.569
50 19:22:331 53 3 445.408 2 1.28 2.7863592493297586 3.569
51 19:22:529 53 4 413.936 2 1.16 2.7863592493297586 3.397
51 19:22:740 53 4 413.936 2 1.08 2.7863592493297586 3.397
51 19:22:929 54 0 1067.088 2 0.96 2.764476683937824 3.397
51 19:23:130 54 3 95.88 2 1.28 2.764476683937824 3.397
52 19:23:330 54 4 97.128 2 1.24 2.764476683937824 3.221
52 19:23:531 54 4 97.128 2 1.16 2.764476683937824 3.221
52 19:23:730 55 1 126.656 2 1.24 2.5467860696517413 3.221
52 19:23:930 55 2 143.768 2 1.12 2.5467860696517413 3.221
53 19:24:130 55 3 188.736 2 1.12 2.5467860696517413 3.049
53 19:24:330 55 4 214.984 2 1.04 2.5467860696517413 3.049
53 19:24:531 55 4 214.984 2 0.92 2.5467860696517413 3.049
53 19:24:730 56 1 78.424 0 1.04 2.842064516129032 3.049
54 19:24:932 56 2 80.608 0 0.92 2.842064516129032 2.866
54 19:25:131 56 3 65.648 0 0.92 2.842064516129032 2.866
54 19:25:330 56 4 56.728 0 0.8 2.842064516129032 2.866
54 19:25:534 57 0 255.944 0 0.72 3.4587027027027024 2.866
54 19:25:732 57 1 44.816 0 0.88 3.4587027027027024 2.866
55 19:25:930 57 2 39.52 0 0.84 3.4587027027027024 2.763
55 19:26:135 57 3 34.36 0 0.84 3.4587027027027024 2.763
55 19:26:332 57 4 48.656 0 0.76 3.4587027027027024 2.763
55 19:26:536 58 0 80.952 0 0.92 4.260631578947368 2.763
55 19:26:736 58 1 129.464 0 0.88 4.260631578947368 2.763
56 19:26:930 58 2 191.224 0 0.8 4.260631578947368 2.762
56 19:27:131 58 3 230.952 0 0.8 4.260631578947368 2.762
56 19:27:332 58 4 266.672 0 0.76 4.260631578947368 2.762
56 19:27:535 59 0 286.944 0 0.72 3.4571566265060243 2.762
56 19:27:737 59 1 359.456 0 0.68 3.4571566265060243 2.762
57 19:27:930 59 2 303.176 0 0.8 3.4571566265060243 2.765
57 19:28:137 59 3 333.384 0 0.8 3.4571566265060243 2.765
57 19:28:337 59 4 173.256 0 0.76 3.4571566265060243 2.765
57 19:28:530 60 0 122.024 0 0.92 4.6932307692307695 2.765
57 19:28:731 60 1 264.192 0 0.84 4.6932307692307695 2.765
58 19:28:930 60 2 93.392 0 0.84 4.6932307692307695 2.768
58 19:29:138 60 3 124.52 0 0.8 4.6932307692307695 2.768
58 19:29:332 60 4 126.568 0 0.76 4.6932307692307695 2.768
58 19:29:530 61 0 133.616 0 0.92 3.9298823529411764 2.768
58 19:29:730 61 1 329.568 0 0.64 3.9298823529411764 2.768
59 19:29:930 61 2 112.472 0 0.84 3.9298823529411764 2.763
59 19:30:136 61 3 150.92 0 0.8 3.9298823529411764 2.763
59 19:30:336 61 4 147.376 0 0.76 3.9298823529411764 2.763
59 19:30:530 62 0 155.992 0 0.68 3.466488888888889 2.763
59 19:30:732 62 1 378.8 0 0.64 3.466488888888889 2.763
60 19:30:930 62 2 110.68 0 0.8 3.466488888888889 2.764
60 19:31:131 62 3 144.056 0 0.8 3.466488888888889 2.764
60 19:31:337 62 4 162.184 0 0.72 3.466488888888889 2.764
60 19:31:530 63 0 152.52 0 0.88 3.3156521739130436 2.764
60 19:31:731 63 0 152.52 0 0.64 3.3156521739130436 2.764
61 19:31:934 63 2 101.592 0 0.8 3.3156521739130436 2.764
61 19:32:130 63 3 131.744 0 0.8 3.3156521739130436 2.764
61 19:32:338 63 4 144.52 0 0.72 3.3156521739130436 2.764
61 19:32:530 64 0 144.712 0 0.88 3.6178000000000003 2.764
61 19:32:730 64 0 144.712 0 0.64 3.6178000000000003 2.764
62 19:32:934 64 2 89.768 0 0.64 3.6178000000000003 2.764
62 19:33:129 64 3 127.88 0 0.76 3.6178000000000003 2.764
62 19:33:329 64 4 144.984 0 0.72 3.6178000000000003 2.764
62 19:33:530 65 0 154.84 0 0.88 2.8152727272727276 2.764
62 19:33:731 65 0 154.84 0 0.64 2.8152727272727276 2.764
63 19:33:930 65 2 99.896 0 0.64 2.8152727272727276 2.764
63 19:34:131 65 3 158.824 0 0.76 2.8152727272727276 2.764
63 19:34:330 65 4 191.808 0 0.72 2.8152727272727276 2.764
63 19:34:540 66 0 199.072 0 0.68 2.9275294117647057 2.764
63 19:34:730 66 0 199.072 0 0.6 2.9275294117647057 2.764
64 19:34:930 66 2 106.112 0 0.6 2.9275294117647057 2.764
64 19:35:130 66 3 167.424 0 0.76 2.9275294117647057 2.764
64 19:35:331 66 4 192.28 0 0.72 2.9275294117647057 2.764
64 19:35:530 67 0 194.648 0 0.84 2.8624705882352943 2.764
64 19:35:730 67 0 194.648 0 0.6 2.8624705882352943 2.764
65 19:35:930 67 2 121.472 0 0.6 2.8624705882352943 2.764
65 19:36:133 67 3 166.448 0 0.72 2.8624705882352943 2.764
65 19:36:330 67 4 168.864 0 0.68 2.8624705882352943 2.764
65 19:36:542 68 0 191.832 0 0.84 2.8631641791044777 2.764
65 19:36:730 68 0 191.832 0 0.84 2.8631641791044777 2.764
66 19:36:930 68 2 73.768 0 0.6 2.8631641791044777 2.769
66 19:37:130 68 3 152.04 0 0.72 2.8631641791044777 2.769
66 19:37:330 68 4 143.624 0 0.68 2.8631641791044777 2.769
66 19:37:530 69 0 225.936 0 0.84 2.6271627906976747 2.769
66 19:37:730 69 0 225.936 0 0.84 2.6271627906976747 2.769
67 19:37:930 69 2 121.496 0 0.56 2.6271627906976747 2.763
67 19:38:129 69 3 157.368 0 0.72 2.6271627906976747 2.763
67 19:38:330 69 4 169.112 0 0.68 2.6271627906976747 2.763
67 19:38:530 70 0 184.272 0 0.84 2.9249523809523805 2.763
67 19:38:730 70 0 184.272 0 0.84 2.9249523809523805 2.763
68 19:38:930 70 2 147.744 0 0.56 2.9249523809523805 2.77
68 19:39:130 70 3 167.864 0 0.72 2.9249523809523805 2.77
68 19:39:329 70 4 183.688 0 0.68 2.9249523809523805 2.77
68 19:39:534 71 0 183.952 0 0.8 2.7051764705882353 2.77
68 19:39:730 71 0 183.952 0 0.8 2.7051764705882353 2.77
69 19:39:930 71 2 137.088 0 0.56 2.7051764705882353 2.764
69 19:40:130 71 3 174.272 0 0.72 2.7051764705882353 2.764
69 19:40:330 71 4 172.8 0 0.84 2.7051764705882353 2.764
69 19:40:533 72 0 172.544 0 0.84 2.654523076923077 2.764
69 19:40:730 72 0 172.544 0 0.8 2.654523076923077 2.764
70 19:40:933 72 2 139.608 0 0.56 2.654523076923077 2.768
70 19:41:130 72 3 155.496 0 0.68 2.654523076923077 2.768
70 19:41:330 72 4 288.192 0 0.64 2.654523076923077 2.768
70 19:41:530 73 0 71.352 0 0.8 2.0386285714285712 2.768
70 19:41:734 73 1 106.704 0 0.8 2.0386285714285712 2.768
71 19:41:934 73 2 135.936 0 0.72 2.0386285714285712 2.763
71 19:42:130 73 3 86.624 0 0.88 2.0386285714285712 2.763
71 19:42:330 73 4 263.512 0 0.84 2.0386285714285712 2.763
71 19:42:535 74 0 58.984 0 0.84 1.7348235294117647 2.763
71 19:42:734 74 1 58.264 0 0.8 1.7348235294117647 2.763
72 19:42:935 74 2 113.728 0 0.72 1.7348235294117647 2.764
72 19:43:135 74 3 129.976 0 0.68 1.7348235294117647 2.764
72 19:43:330 74 4 306.928 0 0.64 1.7348235294117647 2.764
72 19:43:529 75 0 146.752 0 0.64 2.4873220338983053 2.764
72 19:43:731 75 1 97.192 0 0.76 2.4873220338983053 2.764
73 19:43:936 75 2 77.184 0 0.72 2.4873220338983053 2.764
73 19:44:137 75 3 76.024 0 0.88 2.4873220338983053 2.764
73 19:44:329 75 4 283.408 0 0.6 2.4873220338983053 2.764
73 19:44:530 76 0 54.344 0 0.6 10.868799999999998 2.764
73 19:44:733 76 1 56.616 0 0.76 10.868799999999998 2.764
74 19:44:937 76 2 58.632 0 0.72 10.868799999999998 2.762
74 19:45:130 76 3 59.12 0 0.88 10.868799999999998 2.762
74 19:45:331 76 3 59.12 0 0.6 10.868799999999998 2.762
74 19:45:538 77 0 121.208 0 0.6 4.040266666666667 2.762
74 19:45:730 77 1 150.064 0 0.76 4.040266666666667 2.762
75 19:45:935 77 2 235.76 0 0.72 4.040266666666667 2.762
75 19:46:129 77 3 198.504 0 0.64 4.040266666666667 2.762
75 19:46:330 77 4 306.64 0 0.64 4.040266666666667 2.762
75 19:46:539 78 0 64.36 0 0.8 4.950769230769231 2.762
75 19:46:730 78 1 103.992 0 0.76 4.950769230769231 2.762
76 19:46:939 78 2 69.776 0 0.68 4.950769230769231 2.764
76 19:47:130 78 3 53.2 0 0.84 4.950769230769231 2.764
76 19:47:331 78 4 306.896 0 0.6 4.950769230769231 2.764
76 19:47:538 79 0 35.28 0 0.8 8.82 2.764
76 19:47:740 79 1 37.056 0 0.72 8.82 2.764
77 19:47:942 79 2 38.136 0 0.88 8.82 2.762
77 19:48:131 79 3 34.008 0 0.84 8.82 2.762
77 19:48:331 79 3 34.008 0 0.6 8.82 2.762
77 19:48:530 79 3 34.008 0 0.6 8.82 2.762
77 19:48:736 80 0 94.592 0 0.32 4.112695652173913 2.762
78 19:48:933 80 2 222.608 0 0.68 4.112695652173913 2.761
78 19:49:129 80 3 232.216 0 0.84 4.112695652173913 2.761
78 19:49:330 80 3 232.216 0 0.84 4.112695652173913 2.761
78 19:49:532 80 3 232.216 0 0.56 4.112695652173913 2.761
78 19:49:730 81 1 206.528 0 0.72 8.939692307692308 2.761
79 19:49:929 81 2 217.2 0 0.68 8.939692307692308 2.767
79 19:50:130 81 3 252.168 0 0.8 8.939692307692308 2.767
79 19:50:331 81 3 252.168 0 0.8 8.939692307692308 2.767
79 19:50:539 81 4 762.304 0 0.56 8.939692307692308 2.767
79 19:50:737 82 1 248.488 0 0.72 5.533935483870968 2.767
80 19:50:932 82 2 264.736 0 0.64 5.533935483870968 2.768
80 19:51:130 82 3 259.896 0 0.64 5.533935483870968 2.768
80 19:51:330 82 3 259.896 0 0.8 5.533935483870968 2.768
80 19:51:530 83 0 104.656 0 0.56 3.1713939393939397 2.768
80 19:51:739 83 1 178.216 0 0.68 3.1713939393939397 2.768
81 19:51:930 83 2 224.648 0 0.64 3.1713939393939397 2.768
81 19:52:130 83 3 223.568 0 0.8 3.1713939393939397 2.768
81 19:52:330 83 3 223.568 0 0.8 3.1713939393939397 2.768
81 19:52:530 84 0 104.376 0 0.52 2.1745 2.768
81 19:52:730 84 1 184.016 0 0.68 2.1745 2.768
82 19:52:930 84 2 200.768 0 0.84 2.1745 2.768
82 19:53:130 84 3 207.032 0 0.8 2.1745 2.768
82 19:53:330 84 3 207.032 0 0.8 2.1745 2.768
82 19:53:529 85 0 97.688 0 0.52 2.640216216216216 2.768
82 19:53:730 85 1 195.68 0 0.68 2.640216216216216 2.768
83 19:53:930 85 2 206.2 0 0.84 2.640216216216216 2.765
83 19:54:131 85 3 235.728 0 0.84 2.640216216216216 2.765
83 19:54:330 85 3 235.728 0 0.76 2.640216216216216 2.765
83 19:54:534 85 4 635.92 0 0.52 2.640216216216216 2.765
83 19:54:730 86 0 147.288 0 0.68 3.876 2.765
84 19:54:930 86 1 208.272 0 0.64 3.876 2.767
84 19:55:129 86 2 232.352 0 0.64 3.876 2.767
84 19:55:331 86 3 238.48 0 0.76 3.876 2.767
84 19:55:534 86 4 628.448 0 0.52 3.876 2.767
84 19:55:730 87 0 91.224 0 0.68 7.017230769230769 2.767
85 19:55:930 87 1 171.144 0 0.6 7.017230769230769 2.768
85 19:56:131 87 2 182.08 0 0.6 7.017230769230769 2.768
85 19:56:330 87 3 181.944 0 0.76 7.017230769230769 2.768
85 19:56:536 87 4 637.28 0 0.52 7.017230769230769 2.768
85 19:56:730 88 0 193.8 0 0.68 4.306666666666667 2.768
86 19:56:931 88 1 265.112 0 0.6 4.306666666666667 2.767
86 19:57:130 88 2 269.536 0 0.6 4.306666666666667 2.767
86 19:57:329 88 3 268.392 0 0.76 4.306666666666667 2.767
86 19:57:532 88 4 582.328 0 0.52 4.306666666666667 2.767
86 19:57:730 89 0 225.592 0 0.64 3.6385806451612903 2.767
87 19:57:930 89 1 269.216 0 0.64 3.6385806451612903 2.767
87 19:58:131 89 2 267.424 0 0.6 3.6385806451612903 2.767
87 19:58:330 89 3 252.128 0 0.76 3.6385806451612903 2.767
87 19:58:531 89 4 510.976 0 0.48 3.6385806451612903 2.767
87 19:58:729 90 1 138.424 0 0.64 4.162810810810811 2.767
88 19:58:930 90 2 133.784 0 0.8 4.162810810810811 2.776
88 19:59:130 90 3 128.696 0 0.8 4.162810810810811 2.776
88 19:59:329 90 3 128.696 0 0.72 4.162810810810811 2.776
88 19:59:530 91 0 60.064 0 0.68 5.460363636363636 2.776
88 19:59:735 91 1 117.832 0 0.64 5.460363636363636 2.776
89 19:59:934 91 2 126.152 0 0.64 5.460363636363636 2.765
89 20:0:129 91 3 132.328 0 0.76 5.460363636363636 2.765
89 20:0:336 91 3 132.328 0 0.72 5.460363636363636 2.765
89 20:0:531 92 0 61.888 0 0.68 4.7606153846153845 2.765
89 20:0:736 92 1 110.28 0 0.8 4.7606153846153845 2.765
90 20:0:937 92 2 127.216 0 0.8 4.7606153846153845 2.765
90 20:1:136 92 3 129.416 0 0.76 4.7606153846153845 2.765
90 20:1:335 92 3 129.416 0 0.72 4.7606153846153845 2.765
90 20:1:537 93 0 60.8 0 0.68 5.527272727272727 2.765
90 20:1:732 93 1 110.8 0 0.64 5.527272727272727 2.765
91 20:1:934 93 2 121.896 0 0.8 5.527272727272727 2.768
91 20:2:130 93 3 140.488 0 0.76 5.527272727272727 2.768
91 20:2:335 93 3 140.488 0 0.72 5.527272727272727 2.768
91 20:2:530 94 0 60.624 0 0.64 5.511272727272727 2.768
91 20:2:738 94 1 110.096 0 0.64 5.511272727272727 2.768
92 20:2:932 94 2 127.656 0 0.8 5.511272727272727 2.767
92 20:3:130 94 3 124.136 0 0.76 5.511272727272727 2.767
92 20:3:335 94 3 124.136 0 0.68 5.511272727272727 2.767
92 20:3:531 95 0 59.088 0 0.84 5.371636363636364 2.767
92 20:3:730 95 1 115.936 0 0.64 5.371636363636364 2.767
93 20:3:939 95 2 120.952 0 0.8 5.371636363636364 2.763
93 20:4:131 95 3 135.232 0 0.72 5.371636363636364 2.763
93 20:4:333 95 3 135.232 0 0.68 5.371636363636364 2.763
93 20:4:529 96 0 67.856 0 0.84 5.219692307692307 2.763
93 20:4:730 96 1 110.816 0 0.64 5.219692307692307 2.763
94 20:4:938 96 2 124.664 0 0.8 5.219692307692307 2.765
94 20:5:130 96 3 129.624 0 0.72 5.219692307692307 2.765
94 20:5:331 96 3 129.624 0 0.68 5.219692307692307 2.765
94 20:5:530 97 0 73.856 0 0.84 4.923733333333334 2.765
94 20:5:738 97 1 120.808 0 0.84 4.923733333333334 2.765
95 20:5:930 97 2 114.976 0 0.76 4.923733333333334 2.764
95 20:6:130 97 3 124.208 0 0.72 4.923733333333334 2.764
95 20:6:335 97 3 124.208 0 0.68 4.923733333333334 2.764
95 20:6:530 98 0 65.64 0 0.84 5.049230769230769 2.764
95 20:6:739 98 1 103.984 0 0.8 5.049230769230769 2.764
96 20:6:940 98 2 124.48 0 0.76 5.049230769230769 2.765
96 20:7:130 98 3 123.44 0 0.72 5.049230769230769 2.765
96 20:7:330 98 3 123.44 0 0.68 5.049230769230769 2.765
96 20:7:530 99 0 60.016 0 0.8 5.456 2.765
96 20:7:729 99 1 112.488 0 0.8 5.456 2.765
97 20:7:937 99 2 109.704 0 0.76 5.456 2.764
97 20:8:130 99 3 112.312 0 0.72 5.456 2.764
97 20:8:331 99 3 112.312 0 0.64 5.456 2.764
97 20:8:530 100 0 81.648 0 0.64 3.549913043478261 2.764
97 20:8:730 100 0 81.648 0 0.8 3.549913043478261 2.764
98 20:8:931 100 2 126.208 0 0.76 3.549913043478261 2.766
98 20:9:131 100 3 126.176 0 0.68 3.549913043478261 2.766
98 20:9:329 100 3 126.176 0 0.64 3.549913043478261 2.766
98 20:9:530 101 0 69.688 0 0.84 5.807333333333333 2.766
98 20:9:730 101 1 116.504 0 0.8 5.807333333333333 2.766
99 20:9:930 101 2 111.696 0 0.76 5.807333333333333 2.764
99 20:10:129 101 3 112.8 0 0.68 5.807333333333333 2.764
99 20:10:329 101 3 112.8 0 0.64 5.807333333333333 2.764
99 20:10:530 102 0 49.64 0 0.8 7.091428571428572 2.764
99 20:10:730 102 1 79.12 0 0.8 7.091428571428572 2.764
100 20:10:930 102 2 128.368 0 0.72 7.091428571428572 2.765
100 20:11:130 102 3 139.656 0 0.68 7.091428571428572 2.765
100 20:11:330 102 3 139.656 0 0.64 7.091428571428572 2.765
100 20:11:530 103 0 37.408 0 0.64 12.469333333333333 2.765
100 20:11:730 103 1 80.264 0 0.8 12.469333333333333 2.765
101 20:11:930 103 2 158.88 0 0.72 12.469333333333333 2.771
101 20:12:131 103 2 158.88 0 0.68 12.469333333333333 2.771
101 20:12:329 103 3 577.984 0 0.64 12.469333333333333 2.771
101 20:12:530 104 0 139.84 0 0.64 3.68 2.771
101 20:12:730 104 1 163.856 0 0.76 3.68 2.771
102 20:12:932 104 1 163.856 0 0.72 3.68 2.777
102 20:13:130 104 2 191.064 0 0.68 3.68 2.777
102 20:13:331 104 3 515.728 0 0.64 3.68 2.777
102 20:13:530 104 4 179.728 0 0.64 3.68 2.777
102 20:13:733 105 0 214.168 0 0.76 3.629966101694915 2.777
103 20:13:930 105 1 212.136 0 0.72 3.629966101694915 2.776
103 20:14:131 105 2 180.68 0 0.64 3.629966101694915 2.776
103 20:14:330 105 4 132.44 0 0.64 3.629966101694915 2.776
103 20:14:529 106 0 149.68 0 0.8 3.650731707317073 2.776
103 20:14:730 106 1 159.664 0 0.76 3.650731707317073 2.776
104 20:14:930 106 1 159.664 0 0.68 3.650731707317073 2.774
104 20:15:130 106 2 175.024 0 0.64 3.650731707317073 2.774
104 20:15:330 106 4 140.784 0 0.64 3.650731707317073 2.774
104 20:15:530 107 0 123.136 0 0.8 4.397714285714286 2.774
104 20:15:732 107 1 92.824 0 0.72 4.397714285714286 2.774
105 20:15:935 107 2 101.424 0 0.68 4.397714285714286 2.775
105 20:16:130 107 2 101.424 0 0.64 4.397714285714286 2.775
105 20:16:331 107 3 587.368 0 0.6 4.397714285714286 2.775
105 20:16:529 108 0 92.448 0 0.76 4.402285714285715 2.775
105 20:16:732 108 1 74.552 0 0.72 4.402285714285715 2.775
106 20:16:936 108 2 80.472 0 0.68 4.402285714285715 2.778
106 20:17:129 108 2 80.472 0 0.64 4.402285714285715 2.778
106 20:17:332 108 3 587.632 0 0.64 4.402285714285715 2.778
106 20:17:530 109 0 104.472 0 0.76 4.17888 2.778
106 20:17:737 109 1 88.944 0 0.72 4.17888 2.778
107 20:17:937 109 2 92.688 0 0.68 4.17888 2.78
107 20:18:130 109 2 92.688 0 0.6 4.17888 2.78
107 20:18:334 109 3 603.808 0 0.6 4.17888 2.78
107 20:18:530 110 0 164.136 0 0.76 3.7303636363636365 2.78
107 20:18:738 110 0 164.136 0 0.72 3.7303636363636365 2.78
108 20:18:931 110 1 167.536 0 0.68 3.7303636363636365 2.779
108 20:19:131 110 2 175.888 0 0.6 3.7303636363636365 2.779
108 20:19:330 110 3 524.672 0 0.6 3.7303636363636365 2.779
108 20:19:531 111 0 171.736 0 0.76 3.8163555555555555 2.779
108 20:19:731 111 1 170.072 0 0.72 3.8163555555555555 2.779
109 20:19:930 111 2 169.152 0 0.64 3.8163555555555555 2.778
109 20:20:129 111 2 169.152 0 0.64 3.8163555555555555 2.778
109 20:20:336 111 3 559.688 0 0.6 3.8163555555555555 2.778
109 20:20:536 112 0 44.568 0 0.76 8.9136 2.778
109 20:20:731 112 1 37.544 0 0.72 8.9136 2.778
110 20:20:939 112 2 33.248 0 0.84 8.9136 2.776
110 20:21:135 112 2 33.248 0 0.6 8.9136 2.776
110 20:21:330 112 4 38.336 0 0.6 8.9136 2.776
110 20:21:543 113 0 45.232 0 0.76 6.461714285714286 2.776
110 20:21:729 113 1 59.352 0 0.68 6.461714285714286 2.776
111 20:21:930 113 2 65.584 0 0.64 6.461714285714286 2.772
111 20:22:130 113 2 65.584 0 0.6 6.461714285714286 2.772
111 20:22:336 113 4 75.96 0 0.6 6.461714285714286 2.772
111 20:22:536 114 0 77.448 0 0.76 4.8405 2.772
111 20:22:730 114 1 61.888 0 0.68 4.8405 2.772
112 20:22:930 114 2 55.096 0 0.84 4.8405 2.772
112 20:23:130 114 2 55.096 0 0.84 4.8405 2.772
112 20:23:336 114 4 41.056 0 0.6 4.8405 2.772
112 20:23:530 115 0 36.6 0 0.76 12.2 2.772
112 20:23:730 115 1 30.96 0 0.68 12.2 2.772
113 20:23:930 115 2 48.12 0 0.84 12.2 2.77
113 20:24:130 115 3 75.16 0 0.84 12.2 2.77
113 20:24:330 115 4 120.872 0 0.8 12.2 2.77
113 20:24:531 115 4 120.872 0 0.72 12.2 2.77
113 20:24:730 116 0 182.96 0 0.68 3.733877551020408 2.77
114 20:24:930 116 1 221.008 0 0.64 3.733877551020408 2.765
114 20:25:131 116 2 251.52 0 0.64 3.733877551020408 2.765
114 20:25:335 116 3 270.128 0 0.6 3.733877551020408 2.765
114 20:25:531 116 4 336.864 0 0.72 3.733877551020408 2.765
114 20:25:735 117 0 286.44 0 0.68 3.5805 2.765
115 20:25:930 117 2 160.016 0 0.64 3.5805 2.767
115 20:26:130 117 3 110.144 0 0.64 3.5805 2.767
115 20:26:331 117 3 110.144 0 0.76 3.5805 2.767
115 20:26:534 118 0 87.016 0 0.72 5.4385 2.767
115 20:26:730 118 1 114.76 0 0.68 5.4385 2.767
116 20:26:931 118 2 119.608 0 0.8 5.4385 2.765
116 20:27:130 118 3 124.136 0 0.8 5.4385 2.765
116 20:27:329 118 3 124.136 0 0.76 5.4385 2.765
116 20:27:529 119 0 103.736 0 0.72 4.149439999999999 2.765
116 20:27:729 119 1 145.056 0 0.68 4.149439999999999 2.765
117 20:27:930 119 2 133.848 0 0.68 4.149439999999999 2.764
117 20:28:130 119 3 149.368 0 0.8 4.149439999999999 2.764
117 20:28:330 119 3 149.368 0 0.76 4.149439999999999 2.764
117 20:28:530 120 0 98 0 0.72 4.666666666666667 2.764
117 20:28:730 120 0 98 0 0.64 4.666666666666667 2.764
118 20:28:930 120 2 148.232 0 0.64 4.666666666666667 2.764
118 20:29:130 120 3 142.776 0 0.8 4.666666666666667 2.764
118 20:29:330 120 3 142.776 0 0.76 4.666666666666667 2.764
118 20:29:531 121 0 90.64 0 0.72 4.12 2.764
118 20:29:730 121 1 120.512 0 0.64 4.12 2.764
119 20:29:930 121 2 130.488 0 0.64 4.12 2.764
119 20:30:130 121 3 136.816 0 0.8 4.12 2.764
119 20:30:331 121 3 136.816 0 0.76 4.12 2.764
119 20:30:530 122 0 83.544 0 0.68 3.213230769230769 2.764
119 20:30:730 122 1 112.112 0 0.64 3.213230769230769 2.764
120 20:30:933 122 2 132.976 0 0.64 3.213230769230769 2.765
120 20:31:134 122 3 138.96 0 0.8 3.213230769230769 2.765
120 20:31:331 122 3 138.96 0 0.76 3.213230769230769 2.765
120 20:31:531 123 0 90.304 0 0.68 2.202536585365854 2.765
120 20:31:730 123 1 147.512 0 0.64 2.202536585365854 2.765
121 20:31:932 123 1 147.512 0 0.64 2.202536585365854 2.766
121 20:32:131 123 2 176.656 0 0.8 2.202536585365854 2.766
121 20:32:335 123 3 191.912 0 0.72 2.202536585365854 2.766
121 20:32:530 123 4 557.44 0 0.48 2.202536585365854 2.766
121 20:32:731 124 1 158.416 0 0.64 2.4833170731707317 2.766
122 20:32:932 124 1 158.416 0 0.64 2.4833170731707317 2.765
122 20:33:132 124 2 179.24 0 0.8 2.4833170731707317 2.765
122 20:33:336 124 3 185.28 0 0.72 2.4833170731707317 2.765
122 20:33:536 124 4 596.312 0 0.48 2.4833170731707317 2.765
122 20:33:730 125 1 155.696 0 0.6 2.352 2.765
123 20:33:933 125 2 161.84 0 0.6 2.352 2.766
123 20:34:130 125 2 161.84 0 0.76 2.352 2.766
123 20:34:335 125 3 180.632 0 0.72 2.352 2.766
123 20:34:536 126 0 66.528 0 0.48 2.772 2.766
123 20:34:737 126 1 143.44 0 0.8 2.772 2.766
124 20:34:937 126 2 142.12 0 0.8 2.772 2.765
124 20:35:130 126 2 142.12 0 0.76 2.772 2.765
124 20:35:330 126 3 219.56 0 0.72 2.772 2.765
124 20:35:531 126 3 219.56 0 0.44 2.772 2.765
124 20:35:731 127 0 120.384 0 0.44 2.6752 2.765
125 20:35:936 127 1 148.824 0 0.6 2.6752 2.765
125 20:36:136 127 2 165.184 0 0.76 2.6752 2.765
125 20:36:335 127 3 177.352 0 0.68 2.6752 2.765
125 20:36:530 127 3 177.352 0 0.44 2.6752 2.765
125 20:36:734 128 0 144.616 0 0.44 2.6293818181818183 2.765
126 20:36:934 128 1 160.672 0 0.6 2.6293818181818183 2.767
126 20:37:131 128 2 183.704 0 0.76 2.6293818181818183 2.767
126 20:37:330 128 3 181.072 0 0.68 2.6293818181818183 2.767
126 20:37:535 128 3 181.072 0 0.44 2.6293818181818183 2.767
126 20:37:730 129 0 134.768 0 0.44 2.7503673469387753 2.767
127 20:37:936 129 1 173.296 0 0.6 2.7503673469387753 2.764
127 20:38:131 129 2 166.008 0 0.72 2.7503673469387753 2.764
127 20:38:331 129 3 170.144 0 0.68 2.7503673469387753 2.764
127 20:38:531 129 3 170.144 0 0.44 2.7503673469387753 2.764
127 20:38:731 130 0 139.64 0 0.44 3.4058536585365853 2.764
128 20:38:930 130 1 156.76 0 0.6 3.4058536585365853 2.765
128 20:39:134 130 2 288.344 0 0.72 3.4058536585365853 2.765
128 20:39:330 130 3 70.128 0 0.68 3.4058536585365853 2.765
128 20:39:534 130 4 106.392 0 0.64 3.4058536585365853 2.765
128 20:39:731 131 0 135.416 0 0.64 3.8690285714285713 2.765
129 20:39:930 131 1 85.44 0 0.76 3.8690285714285713 2.777
129 20:40:130 131 2 263.168 0 0.72 3.8690285714285713 2.777
129 20:40:330 131 3 58.048 0 0.68 3.8690285714285713 2.777
129 20:40:530 131 4 56.56 0 0.6 3.8690285714285713 2.777
129 20:40:730 132 0 111.2 0 0.6 3.9714285714285715 2.777
130 20:40:931 132 1 127.688 0 0.76 3.9714285714285715 2.763
130 20:41:130 132 2 304.24 0 0.52 3.9714285714285715 2.763
130 20:41:330 132 3 145.528 0 0.64 3.9714285714285715 2.763
130 20:41:531 132 4 96.6 0 0.64 3.9714285714285715 2.763
130 20:41:730 133 0 74.496 0 0.6 4.966399999999999 2.763
131 20:41:931 133 1 73.712 0 0.76 4.966399999999999 2.763
131 20:42:131 133 2 278.424 0 0.72 4.966399999999999 2.763
